# JRE version: OpenJDK Runtime Environment (11.0.11) (build 11.0.11+0-b60-7590822)
# Java VM: OpenJDK 64-Bit Server VM (11.0.11+0-b60-7590822, mixed mode, tiered, compressed oops, g1 gc, linux-amd64)
Heap:
 garbage-first heap   total 551936K, used 221696K [0x0000000080000000, 0x0000000100000000)
  region size 1024K, 14 young (14336K), 4 survivors (4096K)
 Metaspace       used 206669K, capacity 211592K, committed 212096K, reserved 1234944K
  class space    used 24708K, capacity 26486K, committed 26496K, reserved 1048576K
GC Heap History (20 events):
Event: 3412.039 GC heap before
{Heap before GC invocations=109 (full 0):
 garbage-first heap   total 551936K, used 245582K [0x0000000080000000, 0x0000000100000000)
  region size 1024K, 68 young (69632K), 4 survivors (4096K)
 Metaspace       used 194642K, capacity 199573K, committed 199936K, reserved 1224704K
  class space    used 23430K, capacity 25229K, committed 25344K, reserved 1048576K
}
Event: 3412.054 GC heap after
{Heap after GC invocations=110 (full 0):
 garbage-first heap   total 551936K, used 204800K [0x0000000080000000, 0x0000000100000000)
  region size 1024K, 23 young (23552K), 23 survivors (23552K)
 Metaspace       used 194642K, capacity 199573K, committed 199936K, reserved 1224704K
  class space    used 23430K, capacity 25229K, committed 25344K, reserved 1048576K
}
Event: 3412.351 GC heap before
{Heap before GC invocations=111 (full 0):
 garbage-first heap   total 551936K, used 374784K [0x0000000080000000, 0x0000000100000000)
  region size 1024K, 184 young (188416K), 23 survivors (23552K)
 Metaspace       used 195587K, capacity 200491K, committed 200960K, reserved 1224704K
  class space    used 23516K, capacity 25298K, committed 25344K, reserved 1048576K
}
Event: 3412.368 GC heap after
{Heap after GC invocations=112 (full 0):
 garbage-first heap   total 551936K, used 210129K [0x0000000080000000, 0x0000000100000000)
  region size 1024K, 7 young (7168K), 7 survivors (7168K)
 Metaspace       used 195587K, capacity 200491K, committed 200960K, reserved 1224704K
  class space    used 23516K, capacity 25298K, committed 25344K, reserved 1048576K
}
Event: 3412.380 GC heap before
{Heap before GC invocations=112 (full 0):
 garbage-first heap   total 551936K, used 228561K [0x0000000080000000, 0x0000000100000000)
  region size 1024K, 26 young (26624K), 7 survivors (7168K)
 Metaspace       used 195608K, capacity 200498K, committed 200960K, reserved 1224704K
  class space    used 23516K, capacity 25298K, committed 25344K, reserved 1048576K
}
Event: 3412.390 GC heap after
{Heap after GC invocations=113 (full 0):
 garbage-first heap   total 551936K, used 201612K [0x0000000080000000, 0x0000000100000000)
  region size 1024K, 4 young (4096K), 4 survivors (4096K)
 Metaspace       used 195608K, capacity 200498K, committed 200960K, reserved 1224704K
  class space    used 23516K, capacity 25298K, committed 25344K, reserved 1048576K
}
Event: 3412.531 GC heap before
{Heap before GC invocations=113 (full 0):
 garbage-first heap   total 551936K, used 286604K [0x0000000080000000, 0x0000000100000000)
  region size 1024K, 89 young (91136K), 4 survivors (4096K)
 Metaspace       used 195676K, capacity 200647K, committed 200960K, reserved 1224704K
  class space    used 23518K, capacity 25302K, committed 25344K, reserved 1048576K
}
Event: 3412.539 GC heap after
{Heap after GC invocations=114 (full 0):
 garbage-first heap   total 551936K, used 206453K [0x0000000080000000, 0x0000000100000000)
  region size 1024K, 9 young (9216K), 9 survivors (9216K)
 Metaspace       used 195676K, capacity 200647K, committed 200960K, reserved 1224704K
  class space    used 23518K, capacity 25302K, committed 25344K, reserved 1048576K
}
Event: 3807.045 GC heap before
{Heap before GC invocations=115 (full 0):
 garbage-first heap   total 551936K, used 363125K [0x0000000080000000, 0x0000000100000000)
  region size 1024K, 161 young (164864K), 9 survivors (9216K)
 Metaspace       used 197808K, capacity 202709K, committed 203008K, reserved 1226752K
  class space    used 23776K, capacity 25540K, committed 25600K, reserved 1048576K
}
Event: 3807.053 GC heap after
{Heap after GC invocations=116 (full 0):
 garbage-first heap   total 551936K, used 181592K [0x0000000080000000, 0x0000000100000000)
  region size 1024K, 13 young (13312K), 13 survivors (13312K)
 Metaspace       used 197808K, capacity 202709K, committed 203008K, reserved 1226752K
  class space    used 23776K, capacity 25540K, committed 25600K, reserved 1048576K
}
Event: 3807.097 GC heap before
{Heap before GC invocations=116 (full 0):
 garbage-first heap   total 551936K, used 194904K [0x0000000080000000, 0x0000000100000000)
  region size 1024K, 26 young (26624K), 13 survivors (13312K)
 Metaspace       used 197830K, capacity 202774K, committed 203008K, reserved 1226752K
  class space    used 23776K, capacity 25540K, committed 25600K, reserved 1048576K
}
Event: 3807.110 GC heap after
{Heap after GC invocations=117 (full 0):
 garbage-first heap   total 551936K, used 150758K [0x0000000080000000, 0x0000000100000000)
  region size 1024K, 3 young (3072K), 3 survivors (3072K)
 Metaspace       used 197830K, capacity 202774K, committed 203008K, reserved 1226752K
  class space    used 23776K, capacity 25540K, committed 25600K, reserved 1048576K
}
Event: 3807.157 GC heap before
{Heap before GC invocations=117 (full 0):
 garbage-first heap   total 551936K, used 165094K [0x0000000080000000, 0x0000000100000000)
  region size 1024K, 18 young (18432K), 3 survivors (3072K)
 Metaspace       used 198041K, capacity 202911K, committed 203264K, reserved 1226752K
  class space    used 23791K, capacity 25543K, committed 25600K, reserved 1048576K
}
Event: 3807.167 GC heap after
{Heap after GC invocations=118 (full 0):
 garbage-first heap   total 551936K, used 152803K [0x0000000080000000, 0x0000000100000000)
  region size 1024K, 5 young (5120K), 5 survivors (5120K)
 Metaspace       used 198041K, capacity 202911K, committed 203264K, reserved 1226752K
  class space    used 23791K, capacity 25543K, committed 25600K, reserved 1048576K
}
Event: 3809.405 GC heap before
{Heap before GC invocations=119 (full 0):
 garbage-first heap   total 551936K, used 359651K [0x0000000080000000, 0x0000000100000000)
  region size 1024K, 206 young (210944K), 5 survivors (5120K)
 Metaspace       used 205491K, capacity 210480K, committed 211072K, reserved 1234944K
  class space    used 24623K, capacity 26418K, committed 26496K, reserved 1048576K
}
Event: 3809.433 GC heap after
{Heap after GC invocations=120 (full 0):
 garbage-first heap   total 551936K, used 212046K [0x0000000080000000, 0x0000000100000000)
  region size 1024K, 26 young (26624K), 26 survivors (26624K)
 Metaspace       used 205491K, capacity 210480K, committed 211072K, reserved 1234944K
  class space    used 24623K, capacity 26418K, committed 26496K, reserved 1048576K
}
Event: 3809.438 GC heap before
{Heap before GC invocations=120 (full 0):
 garbage-first heap   total 551936K, used 214094K [0x0000000080000000, 0x0000000100000000)
  region size 1024K, 27 young (27648K), 26 survivors (26624K)
 Metaspace       used 205527K, capacity 210544K, committed 211072K, reserved 1234944K
  class space    used 24626K, capacity 26418K, committed 26496K, reserved 1048576K
}
Event: 3809.453 GC heap after
{Heap after GC invocations=121 (full 0):
 garbage-first heap   total 551936K, used 199646K [0x0000000080000000, 0x0000000100000000)
  region size 1024K, 4 young (4096K), 4 survivors (4096K)
 Metaspace       used 205527K, capacity 210544K, committed 211072K, reserved 1234944K
  class space    used 24626K, capacity 26418K, committed 26496K, reserved 1048576K
}
Event: 3809.831 GC heap before
{Heap before GC invocations=121 (full 0):
 garbage-first heap   total 551936K, used 365534K [0x0000000080000000, 0x0000000100000000)
  region size 1024K, 168 young (172032K), 4 survivors (4096K)
 Metaspace       used 206660K, capacity 211592K, committed 212096K, reserved 1234944K
  class space    used 24708K, capacity 26486K, committed 26496K, reserved 1048576K
}
Event: 3809.840 GC heap after
{Heap after GC invocations=122 (full 0):
 garbage-first heap   total 551936K, used 200192K [0x0000000080000000, 0x0000000100000000)
  region size 1024K, 4 young (4096K), 4 survivors (4096K)
 Metaspace       used 206660K, capacity 211592K, committed 212096K, reserved 1234944K
  class space    used 24708K, capacity 26486K, committed 26496K, reserved 1048576K
}

